::1 - - [27/Mar/2020:13:39:09 +0000] "GET / HTTP/1.1" 200 2719 "-" "PostmanRuntime/7.24.0"
::1 - - [27/Mar/2020:13:39:22 +0000] "GET / HTTP/1.1" 200 2719 "-" "PostmanRuntime/7.24.0"
::1 - admin [23/Apr/2020:08:10:09 +0000] "GET /host HTTP/1.1" 200 43 "-" "PostmanRuntime/7.24.1"
::1 - - [23/Apr/2020:08:10:22 +0000] "GET /api/auth/signup/token HTTP/1.1" 404 160 "-" "PostmanRuntime/7.24.1"
::1 - - [23/Apr/2020:08:10:36 +0000] "GET /host HTTP/1.1" 200 43 "-" "PostmanRuntime/7.24.1"
::1 - - [23/Apr/2020:09:08:31 +0000] "GET /api/test HTTP/1.1" 404 147 "-" "PostmanRuntime/7.24.1"
::1 - - [23/Apr/2020:09:09:05 +0000] "GET /api/test HTTP/1.1" 200 62 "-" "PostmanRuntime/7.24.1"
::1 - - [23/Apr/2020:09:09:33 +0000] "GET /api/test HTTP/1.1" 200 62 "-" "PostmanRuntime/7.24.1"
::1 - - [23/Apr/2020:09:17:13 +0000] "GET /api/test HTTP/1.1" - - "-" "PostmanRuntime/7.24.1"
::1 - - [23/Apr/2020:09:31:28 +0000] "GET /api/test HTTP/1.1" 200 1067 "-" "PostmanRuntime/7.24.1"
::1 - - [23/Apr/2020:09:32:21 +0000] "GET /api/test HTTP/1.1" 200 2 "-" "PostmanRuntime/7.24.1"
::1 - - [23/Apr/2020:09:33:04 +0000] "GET /api/test HTTP/1.1" - - "-" "PostmanRuntime/7.24.1"
::1 - - [23/Apr/2020:09:36:23 +0000] "GET /api/test HTTP/1.1" - - "-" "PostmanRuntime/7.24.1"
::1 - - [23/Apr/2020:09:39:01 +0000] "GET /api/test HTTP/1.1" - - "-" "PostmanRuntime/7.24.1"
::1 - - [23/Apr/2020:09:39:13 +0000] "GET /api/test HTTP/1.1" 200 1110 "-" "PostmanRuntime/7.24.1"
::1 - - [23/Apr/2020:09:40:12 +0000] "GET /api/test HTTP/1.1" 200 1110 "-" "PostmanRuntime/7.24.1"
::1 - - [23/Apr/2020:09:41:13 +0000] "GET /api/test HTTP/1.1" 200 1101 "-" "PostmanRuntime/7.24.1"
::1 - - [23/Apr/2020:09:41:50 +0000] "GET /api/test HTTP/1.1" 200 1067 "-" "PostmanRuntime/7.24.1"
::1 - - [23/Apr/2020:09:42:24 +0000] "GET /api/test HTTP/1.1" 200 791 "-" "PostmanRuntime/7.24.1"
::1 - - [23/Apr/2020:09:45:52 +0000] "GET /api/gateway/dashboardstats HTTP/1.1" 500 2741 "-" "PostmanRuntime/7.24.1"
::1 - - [23/Apr/2020:09:48:32 +0000] "GET /api/gateway/dashboardstats HTTP/1.1" - - "-" "PostmanRuntime/7.24.1"
::1 - - [23/Apr/2020:11:24:55 +0000] "GET /api/gateway/dashboardstats HTTP/1.1" 200 791 "-" "PostmanRuntime/7.24.1"
::1 - - [23/Apr/2020:11:42:01 +0000] "GET /magic HTTP/1.1" 500 2731 "-" "PostmanRuntime/7.24.1"
::1 - - [23/Apr/2020:11:43:06 +0000] "GET /magic HTTP/1.1" 200 373 "-" "PostmanRuntime/7.24.1"
::1 - - [23/Apr/2020:11:45:01 +0000] "GET /magic HTTP/1.1" 200 373 "-" "PostmanRuntime/7.24.1"
::1 - - [23/Apr/2020:11:50:39 +0000] "GET /magic HTTP/1.1" 200 373 "-" "PostmanRuntime/7.24.1"
::1 - - [23/Apr/2020:11:51:37 +0000] "GET /magic HTTP/1.1" 200 217 "-" "PostmanRuntime/7.24.1"
::1 - - [23/Apr/2020:11:55:22 +0000] "GET /magic HTTP/1.1" - - "-" "PostmanRuntime/7.24.1"
::1 - - [23/Apr/2020:12:23:50 +0000] "GET /magic HTTP/1.1" - - "-" "PostmanRuntime/7.24.1"
::1 - - [23/Apr/2020:12:31:09 +0000] "GET /magic HTTP/1.1" 200 218 "-" "PostmanRuntime/7.24.1"
::1 - - [23/Apr/2020:12:31:42 +0000] "GET /magic HTTP/1.1" 200 218 "-" "PostmanRuntime/7.24.1"
::1 - - [23/Apr/2020:12:49:42 +0000] "GET /magic HTTP/1.1" - - "-" "PostmanRuntime/7.24.1"
::1 - - [24/Apr/2020:08:03:53 +0000] "GET /magic HTTP/1.1" - - "-" "PostmanRuntime/7.24.1"
